


####################################################################
####################		Fold 1		####################
####################################################################
Train files: 42		 Valid files: 3
Using balanced dataset with pos_ratio = 8%
Training...
Epoch 1/22
114/114 [==============================] - 115s 1s/step - loss: 0.5796 - auc: 0.6036 - val_loss: 0.2847 - val_auc: 0.6429 - lr: 6.0000e-06
Epoch 2/22
114/114 [==============================] - 78s 682ms/step - loss: 0.3132 - auc: 0.7655 - val_loss: 0.1728 - val_auc: 0.7713 - lr: 7.9040e-05
Epoch 3/22
114/114 [==============================] - 77s 676ms/step - loss: 0.2464 - auc: 0.8627 - val_loss: 0.2449 - val_auc: 0.8081 - lr: 1.5208e-04
Epoch 4/22
114/114 [==============================] - 77s 679ms/step - loss: 0.2726 - auc: 0.8514 - val_loss: 0.1793 - val_auc: 0.8193 - lr: 2.2512e-04
Epoch 5/22
114/114 [==============================] - 82s 721ms/step - loss: 0.2544 - auc: 0.8806 - val_loss: 0.1704 - val_auc: 0.8295 - lr: 2.9816e-04
Epoch 6/22
114/114 [==============================] - 78s 684ms/step - loss: 0.2329 - auc: 0.9049 - val_loss: 0.2674 - val_auc: 0.8681 - lr: 3.7120e-04
Epoch 7/22
114/114 [==============================] - 77s 677ms/step - loss: 0.2303 - auc: 0.9086 - val_loss: 0.1736 - val_auc: 0.8822 - lr: 3.1567e-04
Epoch 8/22
114/114 [==============================] - 77s 673ms/step - loss: 0.2330 - auc: 0.9236 - val_loss: 0.1653 - val_auc: 0.8726 - lr: 2.6847e-04
Epoch 9/22
114/114 [==============================] - 77s 673ms/step - loss: 0.2237 - auc: 0.9298 - val_loss: 0.2602 - val_auc: 0.8291 - lr: 2.2835e-04
Epoch 10/22
114/114 [==============================] - 77s 672ms/step - loss: 0.2121 - auc: 0.9392 - val_loss: 0.1730 - val_auc: 0.8753 - lr: 1.9425e-04
Epoch 11/22
114/114 [==============================] - 78s 682ms/step - loss: 0.2205 - auc: 0.9397 - val_loss: 0.1710 - val_auc: 0.8793 - lr: 1.6526e-04
Epoch 12/22
114/114 [==============================] - 77s 679ms/step - loss: 0.2117 - auc: 0.9448 - val_loss: 0.2316 - val_auc: 0.8049 - lr: 1.4062e-04
Epoch 13/22
114/114 [==============================] - 78s 685ms/step - loss: 0.1926 - auc: 0.9518 - val_loss: 0.1640 - val_auc: 0.8930 - lr: 1.1968e-04
Epoch 14/22
114/114 [==============================] - 78s 687ms/step - loss: 0.2130 - auc: 0.9516 - val_loss: 0.1683 - val_auc: 0.8717 - lr: 1.0188e-04
Epoch 15/22
114/114 [==============================] - 78s 682ms/step - loss: 0.2051 - auc: 0.9538 - val_loss: 0.1947 - val_auc: 0.8516 - lr: 8.6745e-05
Epoch 16/22
114/114 [==============================] - 78s 682ms/step - loss: 0.1793 - auc: 0.9637 - val_loss: 0.1658 - val_auc: 0.8919 - lr: 7.3883e-05
Epoch 17/22
114/114 [==============================] - 78s 682ms/step - loss: 0.2047 - auc: 0.9606 - val_loss: 0.1683 - val_auc: 0.8783 - lr: 6.2950e-05
Epoch 18/22
114/114 [==============================] - 79s 689ms/step - loss: 0.2032 - auc: 0.9686 - val_loss: 0.1712 - val_auc: 0.8696 - lr: 5.3658e-05
Epoch 19/22
114/114 [==============================] - 78s 685ms/step - loss: 0.1784 - auc: 0.9683 - val_loss: 0.1681 - val_auc: 0.8932 - lr: 4.5759e-05
Epoch 20/22
114/114 [==============================] - 78s 683ms/step - loss: 0.2004 - auc: 0.9674 - val_loss: 0.1676 - val_auc: 0.8804 - lr: 3.9045e-05
Epoch 21/22
114/114 [==============================] - 78s 686ms/step - loss: 0.1913 - auc: 0.9620 - val_loss: 0.1695 - val_auc: 0.8846 - lr: 3.3339e-05
Epoch 22/22
114/114 [==============================] - 78s 685ms/step - loss: 0.1683 - auc: 0.9723 - val_loss: 0.1674 - val_auc: 0.8920 - lr: 2.8488e-05
64/64 [==============================] - 56s 871ms/step
108/108 [==============================] - 99s 915ms/step
Validation AUC last epoch = 0.8920
Validation AUC  (TTA 15) = 0.9027
Total time = 5033s		Time per fold = 2516s
