####################################################################
####################		Fold 0		####################
####################################################################
Train files: 42		 Valid files: 3
Downloading data from https://github.com/Callidior/keras-applications/releases/download/efficientnet/efficientnet-b6_weights_tf_dim_ordering_tf_kernels_autoaugment_notop.h5
165527552/165527152 [==============================] - 2s 0us/step
Using balanced dataset with pos_ratio = 8%
Training...
Epoch 1/22
114/114 [==============================] - 121s 1s/step - loss: 0.5731 - auc: 0.6160 - val_loss: 0.3602 - val_auc: 0.6593 - lr: 6.0000e-06
Epoch 2/22
114/114 [==============================] - 79s 689ms/step - loss: 0.3045 - auc: 0.7828 - val_loss: 0.1716 - val_auc: 0.8087 - lr: 7.9040e-05
Epoch 3/22
114/114 [==============================] - 78s 688ms/step - loss: 0.2304 - auc: 0.8433 - val_loss: 0.1873 - val_auc: 0.8412 - lr: 1.5208e-04
Epoch 4/22
114/114 [==============================] - 78s 686ms/step - loss: 0.2712 - auc: 0.8799 - val_loss: 0.1696 - val_auc: 0.8251 - lr: 2.2512e-04
Epoch 5/22
114/114 [==============================] - 78s 685ms/step - loss: 0.2398 - auc: 0.9033 - val_loss: 0.1696 - val_auc: 0.8666 - lr: 2.9816e-04
Epoch 6/22
114/114 [==============================] - 78s 682ms/step - loss: 0.2135 - auc: 0.9096 - val_loss: 0.4195 - val_auc: 0.8941 - lr: 3.7120e-04
Epoch 7/22
114/114 [==============================] - 78s 680ms/step - loss: 0.2298 - auc: 0.9234 - val_loss: 0.1638 - val_auc: 0.8569 - lr: 3.1567e-04
Epoch 8/22
114/114 [==============================] - 78s 680ms/step - loss: 0.2251 - auc: 0.9337 - val_loss: 0.1657 - val_auc: 0.8544 - lr: 2.6847e-04
Epoch 9/22
114/114 [==============================] - 78s 682ms/step - loss: 0.2072 - auc: 0.9414 - val_loss: 0.3532 - val_auc: 0.8706 - lr: 2.2835e-04
Epoch 10/22
114/114 [==============================] - 78s 683ms/step - loss: 0.2084 - auc: 0.9474 - val_loss: 0.1653 - val_auc: 0.8845 - lr: 1.9425e-04
Epoch 11/22
114/114 [==============================] - 78s 682ms/step - loss: 0.2102 - auc: 0.9520 - val_loss: 0.1639 - val_auc: 0.8484 - lr: 1.6526e-04
Epoch 12/22
114/114 [==============================] - 77s 680ms/step - loss: 0.1970 - auc: 0.9568 - val_loss: 0.2498 - val_auc: 0.8805 - lr: 1.4062e-04
Epoch 13/22
114/114 [==============================] - 78s 681ms/step - loss: 0.1878 - auc: 0.9576 - val_loss: 0.1619 - val_auc: 0.8575 - lr: 1.1968e-04
Epoch 14/22
114/114 [==============================] - 77s 679ms/step - loss: 0.2048 - auc: 0.9576 - val_loss: 0.1645 - val_auc: 0.8596 - lr: 1.0188e-04
Epoch 15/22
114/114 [==============================] - 77s 674ms/step - loss: 0.1935 - auc: 0.9617 - val_loss: 0.2203 - val_auc: 0.8737 - lr: 8.6745e-05
Epoch 16/22
114/114 [==============================] - 77s 674ms/step - loss: 0.1767 - auc: 0.9657 - val_loss: 0.1633 - val_auc: 0.8419 - lr: 7.3883e-05
Epoch 17/22
114/114 [==============================] - 77s 677ms/step - loss: 0.1995 - auc: 0.9641 - val_loss: 0.1655 - val_auc: 0.8592 - lr: 6.2950e-05
Epoch 18/22
114/114 [==============================] - 77s 675ms/step - loss: 0.1911 - auc: 0.9739 - val_loss: 0.2023 - val_auc: 0.8811 - lr: 5.3658e-05
Epoch 19/22
114/114 [==============================] - 77s 673ms/step - loss: 0.1775 - auc: 0.9724 - val_loss: 0.1649 - val_auc: 0.8459 - lr: 4.5759e-05
Epoch 20/22
114/114 [==============================] - 77s 674ms/step - loss: 0.1976 - auc: 0.9699 - val_loss: 0.1689 - val_auc: 0.8688 - lr: 3.9045e-05
Epoch 21/22
114/114 [==============================] - 77s 673ms/step - loss: 0.1859 - auc: 0.9703 - val_loss: 0.1823 - val_auc: 0.8777 - lr: 3.3339e-05
Epoch 22/22
114/114 [==============================] - 77s 676ms/step - loss: 0.1642 - auc: 0.9788 - val_loss: 0.1654 - val_auc: 0.8576 - lr: 2.8488e-05
64/64 [==============================] - 56s 870ms/step
108/108 [==============================] - 99s 917ms/step
Validation AUC last epoch = 0.8576
Validation AUC  (TTA 15) = 0.9143
Total time = 2521s		Time per fold = 2521s
