


####################################################################
####################		Fold 2		####################
####################################################################
Train files: 42		 Valid files: 3
Using balanced dataset with pos_ratio = 8%
Training...
Epoch 1/22
114/114 [==============================] - 115s 1s/step - loss: 0.5745 - auc: 0.6028 - val_loss: 0.3194 - val_auc: 0.7556 - lr: 6.0000e-06
Epoch 2/22
114/114 [==============================] - 77s 679ms/step - loss: 0.3120 - auc: 0.7590 - val_loss: 0.1693 - val_auc: 0.8330 - lr: 7.9040e-05
Epoch 3/22
114/114 [==============================] - 77s 674ms/step - loss: 0.2480 - auc: 0.8576 - val_loss: 0.3016 - val_auc: 0.8674 - lr: 1.5208e-04
Epoch 4/22
114/114 [==============================] - 77s 675ms/step - loss: 0.2704 - auc: 0.8550 - val_loss: 0.1686 - val_auc: 0.8512 - lr: 2.2512e-04
Epoch 5/22
114/114 [==============================] - 78s 681ms/step - loss: 0.2511 - auc: 0.8811 - val_loss: 0.1690 - val_auc: 0.8612 - lr: 2.9816e-04
Epoch 6/22
114/114 [==============================] - 78s 682ms/step - loss: 0.2299 - auc: 0.9077 - val_loss: 0.1986 - val_auc: 0.8100 - lr: 3.7120e-04
Epoch 7/22
114/114 [==============================] - 79s 691ms/step - loss: 0.2285 - auc: 0.9089 - val_loss: 0.1624 - val_auc: 0.8896 - lr: 3.1567e-04
Epoch 8/22
114/114 [==============================] - 79s 692ms/step - loss: 0.2318 - auc: 0.9211 - val_loss: 0.1667 - val_auc: 0.8730 - lr: 2.6847e-04
Epoch 9/22
114/114 [==============================] - 77s 679ms/step - loss: 0.2225 - auc: 0.9319 - val_loss: 0.2234 - val_auc: 0.8949 - lr: 2.2835e-04
Epoch 10/22
114/114 [==============================] - 77s 679ms/step - loss: 0.2103 - auc: 0.9434 - val_loss: 0.1623 - val_auc: 0.9106 - lr: 1.9425e-04
Epoch 11/22
114/114 [==============================] - 77s 676ms/step - loss: 0.2213 - auc: 0.9379 - val_loss: 0.1625 - val_auc: 0.8870 - lr: 1.6526e-04
Epoch 12/22
114/114 [==============================] - 78s 681ms/step - loss: 0.2105 - auc: 0.9455 - val_loss: 0.2033 - val_auc: 0.8874 - lr: 1.4062e-04
Epoch 13/22
114/114 [==============================] - 77s 676ms/step - loss: 0.1927 - auc: 0.9503 - val_loss: 0.1590 - val_auc: 0.9105 - lr: 1.1968e-04
Epoch 14/22
114/114 [==============================] - 77s 675ms/step - loss: 0.2173 - auc: 0.9456 - val_loss: 0.1589 - val_auc: 0.9165 - lr: 1.0188e-04
Epoch 15/22
114/114 [==============================] - 77s 678ms/step - loss: 0.2070 - auc: 0.9504 - val_loss: 0.1878 - val_auc: 0.9091 - lr: 8.6745e-05
Epoch 16/22
114/114 [==============================] - 78s 680ms/step - loss: 0.1813 - auc: 0.9591 - val_loss: 0.1603 - val_auc: 0.9221 - lr: 7.3883e-05
Epoch 17/22
114/114 [==============================] - 78s 685ms/step - loss: 0.2104 - auc: 0.9562 - val_loss: 0.1598 - val_auc: 0.9219 - lr: 6.2950e-05
Epoch 18/22
114/114 [==============================] - 78s 688ms/step - loss: 0.2047 - auc: 0.9659 - val_loss: 0.1706 - val_auc: 0.9120 - lr: 5.3658e-05
Epoch 19/22
114/114 [==============================] - 78s 683ms/step - loss: 0.1793 - auc: 0.9685 - val_loss: 0.1587 - val_auc: 0.9300 - lr: 4.5759e-05
Epoch 20/22
114/114 [==============================] - 78s 687ms/step - loss: 0.2034 - auc: 0.9641 - val_loss: 0.1611 - val_auc: 0.9070 - lr: 3.9045e-05
Epoch 21/22
114/114 [==============================] - 78s 684ms/step - loss: 0.1923 - auc: 0.9624 - val_loss: 0.1652 - val_auc: 0.9171 - lr: 3.3339e-05
Epoch 22/22
114/114 [==============================] - 79s 692ms/step - loss: 0.1695 - auc: 0.9734 - val_loss: 0.1602 - val_auc: 0.9178 - lr: 2.8488e-05
64/64 [==============================] - 56s 873ms/step
108/108 [==============================] - 99s 913ms/step
Validation AUC last epoch = 0.9178
Validation AUC  (TTA 15) = 0.9204
Total time = 7544s		Time per fold = 2514s
